166
9 1496
18 128
78 84
129 1313
152 1290
194 267
283 1263
296 337
392 1209
425 1185
426 1167
466 526
582 603
611 1156
646 709
765 1122
828 954
918 942
985 1098
1328 1494
1339 1403
1506 9997
1542 9976
1551 7284
1557 7254
1584 7223
1599 1637
1650 7153
1656 7139
1687 6943
1698 2388
1730 2367
1752 2318
1861 1928
1866 1868
1875 1905
1960 2312
1967 2216
1969 2208
2004 2179
2068 2140
2079 2111
2272 2279
2395 6937
2419 6868
2440 2776
2442 2717
2486 2711
2540 2551
2606 2708
2616 2667
2778 6852
2797 6850
2800 5484
2812 5345
2854 5334
2958 5323
2986 5318
2994 5315
3007 5304
3106 5302
3212 5024
3237 5019
3262 4999
3293 4996
3300 3503
3333 3493
3348 3435
3362 3432
3537 4565
3555 4545
3561 4505
3565 4282
3605 3639
3657 3666
3682 4266
3711 3847
3712 3839
3753 3800
3834 3836
3884 4123
3910 4104
3981 4067
4002 4053
4157 4230
4296 4498
4316 4426
4380 4384
4433 4480
4577 4978
4600 4959
4602 4930
4687 4879
4777 4800
4885 4910
5057 5130
5157 5301
5352 5479
5486 5568
5569 6841
5583 6650
5595 6505
5672 6477
5675 5900
5755 5874
5766 5794
5902 6202
5913 6115
5974 6005
6022 6103
6223 6375
6267 6335
6377 6474
6519 6576
6681 6813
6682 6794
6703 6714
6755 6759
6951 7138
7006 7104
7114 7125
7260 7261
7295 9942
7333 8449
7374 8399
7379 8079
7382 8077
7526 8027
7537 8003
7559 7991
7570 7980
7607 7949
7705 7744
7769 7930
7902 7925
8039 8061
8096 8348
8105 8269
8191 8246
8292 8311
8351 8395
8451 9941
8473 9938
8489 9894
8514 8759
8554 8730
8568 8704
8622 8642
8767 9825
8852 9531
8875 9500
8901 9013
8913 8951
9056 9160
9065 9158
9092 9098
9120 9151
9181 9437
9210 9423
9239 9386
9335 9371
9393 9411
9460 9495
9536 9786
9537 9624
9653 9721
