167
1 43
48 9999
95 305
206 252
319 9996
337 9966
345 8914
382 8913
411 8907
421 8741
461 8734
517 8708
518 639
554 632
643 8605
656 8583
684 803
719 783
806 8568
880 8551
898 8548
905 8540
932 8504
938 8497
965 8219
971 8207
983 5827
996 5759
1023 5718
1040 5696
1056 5616
1064 5612
1082 5371
1142 5366
1188 5284
1198 1271
1289 5238
1295 4991
1317 1346
1382 1689
1398 1648
1421 1626
1434 1606
1456 1598
1512 1580
1730 4911
1731 4835
1772 4182
1799 4172
1815 4171
1885 1891
1926 4139
1936 4121
2002 2042
2057 2179
2062 2063
2116 2174
2183 4107
2230 2234
2238 4056
2259 2260
2285 2387
2355 2379
2423 2441
2445 4050
2470 4026
2499 3990
2511 2597
2606 3975
2631 3928
2654 2936
2681 2892
2940 3896
2941 3832
2957 3813
2967 3776
2983 3303
3023 3294
3088 3270
3379 3511
3382 3452
3436 3450
3464 3510
3516 3755
3556 3750
3585 3591
3614 3696
3788 3798
4185 4825
4207 4815
4262 4795
4345 4438
4444 4741
4454 4689
4459 4652
4523 4587
4601 4608
4857 4902
4914 4970
5010 5235
5039 5184
5105 5168
5294 5358
5416 5444
5446 5525
5537 5603
5560 5563
5833 8170
5865 8161
5900 8129
5902 8064
5919 6247
5922 6176
5924 5965
6010 6027
6072 6112
6251 8053
6263 6851
6267 6800
6312 6761
6325 6650
6345 6599
6402 6592
6413 6453
6459 6555
6701 6750
6836 6838
6871 8052
6887 7683
6907 6986
6998 7677
7037 7497
7041 7251
7061 7064
7131 7231
7253 7301
7292 7298
7316 7478
7504 7543
7577 7667
7727 8049
7744 8035
7748 8030
7789 7798
7902 7971
8082 8098
8251 8395
8254 8349
8350 8351
8399 8400
8614 8698
8752 8890
8952 9965
8983 9805
9014 9586
9022 9391
9062 9072
9101 9368
9110 9149
9245 9363
9285 9315
9411 9545
9444 9500
9604 9704
9722 9796
9813 9876
9950 9955
