169
124 9997
152 9975
208 242
263 9973
269 9855
308 943
330 942
357 778
358 640
364 419
458 639
472 557
575 632
675 765
718 752
786 925
991 9853
1022 9657
1077 9645
1084 2189
1168 2171
1173 1436
1230 1404
1306 1403
1439 2169
1455 2168
1468 2123
1489 2121
1492 2106
1527 2099
1557 1590
1593 1926
1604 1606
1620 1821
1625 1748
1626 1680
1927 1994
2004 2096
2209 9642
2297 9638
2298 9596
2307 9566
2346 9546
2363 8656
2373 2471
2406 2462
2526 2762
2634 2685
2635 2641
2643 2671
2727 2751
2768 8633
2815 8610
2822 2823
2848 8561
2926 8388
2937 8377
2985 3902
2987 3884
2989 3273
3053 3252
3058 3236
3093 3150
3156 3172
3282 3876
3307 3339
3346 3582
3390 3490
3507 3554
3592 3875
3627 3870
3692 3869
3792 3812
3929 8370
4028 8361
4046 8353
4067 8316
4115 8294
4132 4179
4184 8221
4259 8210
4328 8202
4336 5065
4398 5035
4471 5012
4473 4846
4505 4794
4563 4736
4581 4729
4632 4637
4751 4787
4877 4977
5018 5032
5077 5180
5185 8196
5189 8195
5220 8159
5251 8157
5266 8050
5272 8046
5279 7902
5290 7868
5332 5726
5334 5629
5424 5460
5467 5469
5485 5528
5635 5724
5731 7841
5760 7833
5763 5806
5848 7766
5911 7747
5975 7735
5985 6844
6020 6421
6027 6187
6046 6057
6272 6398
6328 6392
6458 6806
6461 6715
6500 6522
6547 6703
6766 6797
6859 6887
6899 7734
6900 6963
6998 7703
7052 7648
7086 7609
7087 7101
7128 7603
7169 7545
7201 7524
7248 7368
7370 7520
7557 7599
7662 7702
7706 7718
7723 7732
7944 8022
7948 7989
8064 8134
8234 8280
8423 8545
8440 8543
8677 9516
8705 9500
8798 8874
8814 8829
8833 8863
8875 9494
8915 9485
8929 9474
8944 9456
8959 9128
8977 9118
9003 9057
9145 9410
9155 9182
9173 9181
9215 9272
9334 9345
9419 9452
9661 9812
9690 9763
9872 9955
9894 9948
