186
20 87
92 3975
100 101
147 3942
216 246
259 3924
270 3900
318 3828
334 3827
402 3826
412 3756
426 3583
443 725
445 718
497 716
569 629
656 679
742 3573
789 962
790 940
888 890
966 3572
969 3105
979 3045
988 3041
1073 3023
1117 1139
1149 1355
1169 1330
1193 1272
1300 1318
1364 3019
1424 2290
1428 1480
1484 2270
1516 2234
1531 1597
1606 1624
1652 2105
1669 2041
1750 2022
1751 1878
1769 1874
1882 1958
1967 1972
1979 2017
2114 2227
2187 2204
2208 2224
2292 2970
2348 2957
2371 2726
2373 2549
2392 2487
2409 2443
2490 2498
2590 2639
2595 2607
2677 2711
2741 2943
2767 2934
2783 2813
2836 2924
3066 3086
3139 3203
3207 3556
3270 3550
3272 3283
3292 3365
3309 3322
3387 3516
3394 3479
3439 3440
3611 3737
3669 3723
3772 3807
3862 3873
3976 9992
3997 5033
4038 4050
4096 4138
4142 4910
4185 4896
4215 4875
4226 4342
4367 4839
4372 4409
4410 4457
4496 4641
4551 4583
4649 4798
4661 4680
4709 4769
4914 5009
5059 9980
5134 5151
5159 5177
5210 9933
5226 9900
5234 9858
5242 9462
5266 5481
5277 5453
5286 5429
5299 5398
5491 7853
5540 7812
5554 5581
5587 6601
5601 6516
5614 6491
5631 5683
5709 5711
5720 6454
5730 6451
5739 6299
5773 5844
5811 5834
5871 5926
5932 6000
6009 6223
6012 6197
6039 6196
6086 6089
6227 6285
6247 6270
6257 6260
6371 6447
6391 6420
6613 7785
6621 7735
6646 7420
6654 7303
6682 7265
6706 7259
6719 7252
6749 6791
6817 7212
6847 7203
6883 7153
6884 7138
6932 7003
7017 7105
7051 7096
7340 7362
7432 7718
7453 7666
7510 7659
7513 7548
7555 7654
7580 7624
7794 7798
7856 9451
7898 7912
7948 9442
7959 9437
7963 9414
7972 9309
7984 8151
8039 8146
8064 8136
8165 8883
8166 8401
8172 8356
8216 8349
8249 8324
8408 8856
8491 8847
8501 8738
8525 8726
8554 8619
8665 8722
8740 8784
8921 9280
8966 9271
8969 9067
9093 9262
9312 9381
9329 9345
9494 9848
9602 9764
9620 9741
9625 9628
9707 9736
9772 9796
9944 9975
