612
74 119929
134 206
221 119908
240 7909
548 7763
668 7717
741 5897
911 5861
917 5733
1001 3613
1030 2826
1124 2766
1269 2585
1333 2578
1350 2131
1496 2071
1515 1557
1834 2012
2152 2209
2214 2447
2844 3035
3119 3434
3137 3369
3624 5654
3747 5649
3816 4421
3861 4017
3877 3933
4037 4110
4520 4618
4822 5517
4857 5188
4862 4899
4947 5180
5918 5979
5987 7575
6189 7135
6260 6851
6316 6727
6452 6578
6934 7074
7949 119776
8005 119766
8173 8203
8238 13219
8259 13120
8296 12609
8336 12558
8341 11243
8350 10326
8360 10003
8490 9976
8527 9703
8622 9696
9028 9264
9336 9594
10047 10241
10065 10171
10131 10159
10342 10978
10614 10638
11274 11310
11322 11595
11399 11462
11652 12313
11700 12225
12069 12078
12363 12538
12383 12398
12798 13108
12923 13003
13289 119754
13398 112800
13498 112730
13503 112105
13702 112101
13751 111896
13887 14634
13923 14535
13928 14293
14737 111895
14754 111389
14810 111331
14866 111247
14867 110892
15031 110673
15040 110094
15073 106099
15155 105177
15205 104274
15332 16338
15359 15956
15401 15947
15430 15689
16099 16275
16463 104233
16480 104223
16576 98714
16582 98600
16584 98588
16638 16786
16648 16763
16796 16900
16910 98586
17255 98568
17358 17370
17393 24388
17429 24257
17445 24101
17485 24081
17530 23902
17535 23421
17643 17768
17784 23237
17815 23133
17966 20749
17973 19551
18084 19458
18204 18443
18477 18898
18478 18851
18541 18823
18900 19275
18999 19255
19557 20710
19647 20699
19778 20519
19797 20489
20150 20374
20881 22964
20895 22656
21091 22634
21212 22462
21263 22031
21323 21693
21899 21970
22172 22442
22368 22402
23442 23711
24449 96957
24486 96875
24539 96612
24582 96362
24832 95775
24881 25056
25091 95651
25117 95638
25176 95570
25177 95462
25224 95227
25232 27598
25249 27522
25404 25914
25423 25750
25929 27380
26212 26293
26320 27361
26365 27315
26523 26889
26893 27260
27623 95096
27671 33967
27774 27953
27970 33873
28118 33675
28126 33265
28134 33248
28140 33229
28167 30824
28168 30656
28171 30425
28198 30041
28460 29916
28551 29890
28679 28735
28875 29829
29033 29439
29092 29100
29475 29571
30120 30405
30960 32677
30978 32599
31018 32496
31067 32394
31452 32243
31571 32239
31734 31898
31903 32236
32756 33217
32791 33092
33386 33523
33994 95080
34024 95036
34291 95019
34306 34367
34371 94956
34481 94818
34496 35499
34540 35478
34667 35398
34868 34961
35027 35360
35094 35143
35620 94790
35777 94779
35787 37696
35889 37655
35949 37523
36014 37050
36209 36860
36246 36853
37094 37508
37416 37457
37708 94738
37713 94696
37767 94511
37943 94409
37950 94243
37959 38170
38026 38090
38382 93820
38453 38574
38635 38725
38639 38699
38973 93713
39067 93454
39075 39252
39321 93154
39468 93049
39747 93032
39830 93027
39862 41662
39865 40075
40093 41496
40136 41491
40297 41404
40478 40908
40613 40889
40969 41054
41135 41354
41612 41633
41737 76781
41813 76574
41940 42101
42102 76517
42140 76410
42225 76355
42254 76352
42259 42425
42265 42311
42427 76303
42446 42914
42453 42651
42801 42902
42935 75989
42944 75323
42985 43295
43069 43233
43376 75249
43457 75195
43557 75079
43586 47279
43639 45207
43787 44948
43842 44774
43915 44681
43988 44296
44381 44607
44971 45051
45247 47212
45445 47036
45514 46879
45624 46479
45652 46470
45794 45919
46088 46469
46367 46377
46585 46870
46622 46709
47344 74261
47358 74260
47363 73443
47364 73085
47423 71951
47450 71842
47479 71838
47489 71647
47501 71612
47814 71577
47876 69449
48054 69340
48066 60515
48069 49066
48083 48886
48189 48589
48406 48491
48717 48820
49160 60500
49161 60361
49166 51096
49187 50988
49212 50955
49591 50521
49856 50160
50210 50490
50305 50479
50573 50850
50619 50676
51161 59709
51257 53393
51319 53390
51367 52829
51379 52405
51407 52290
51449 52209
51537 51594
51694 51720
51875 52187
51885 52100
52525 52801
52907 53172
52925 53110
53422 59636
53582 59488
53625 53735
53749 56824
53753 56627
53773 56433
53799 55734
53834 54680
53919 54283
54116 54216
54349 54492
54862 55706
54932 55577
55113 55316
55762 56332
56902 56930
57047 58970
57063 57138
57144 58962
57180 58771
57184 57343
57363 58523
57461 57604
57623 58476
57806 58059
58983 59479
59088 59362
59710 60278
59783 60227
60075 60166
60178 60222
60634 69162
60701 69117
60772 69106
60897 68617
60904 67713
61015 67524
61164 67316
61172 61264
61394 67218
61577 67207
61657 66676
61699 66655
61702 66642
61759 62323
61899 61996
62340 64658
62394 64554
62470 62762
62812 64460
62861 64140
63020 63608
63178 63336
63484 63584
63705 63978
63815 63882
64046 64111
64664 64727
64774 66512
64819 65149
64900 65088
65267 66245
65273 66209
65430 65632
65483 65550
65685 66166
66751 67200
66960 67052
67766 68569
67776 68489
67817 67862
68304 68345
68688 69039
68893 69011
69652 71477
69843 69977
70012 71459
70014 71130
70088 70955
70115 70384
70449 70776
71152 71393
72029 73061
72038 73017
72125 72874
72135 72529
73668 74227
73714 73717
73732 74199
74306 75076
74462 74888
74483 74694
75403 75927
76080 76296
76830 84302
76873 84271
76917 82185
76977 81086
77137 81084
77157 81076
77195 80645
77247 79478
77276 77384
77513 79336
77539 79143
77554 79117
77703 78995
77761 77806
77856 78870
78127 78803
78292 78468
78529 78722
79146 79326
79339 79363
79898 80587
80048 80489
80147 80330
80695 81063
81156 82018
81254 82014
81537 81655
82207 84224
82209 84034
82409 83901
82578 83885
82603 83854
82653 83704
82670 82737
82917 83292
82975 83069
83309 83673
83426 83499
84316 93020
84356 93009
84380 88988
84494 84515
84535 88830
84679 88813
84692 88719
84780 88439
84830 88165
84887 87942
84978 87932
85107 85399
85137 85307
85207 85276
85442 86633
85514 86028
85596 85960
86059 86579
86661 87918
86952 87838
86973 87699
87279 87424
87455 87657
89084 90138
89144 89258
89267 89641
89347 89504
89650 90035
89818 90023
90215 93002
90216 92685
90315 90663
90377 90618
90734 92681
90778 92054
90813 91882
90986 91063
91126 91863
91373 91430
91481 91758
92070 92536
92157 92360
93474 93609
93847 94187
93920 94140
94247 94285
94434 94479
95807 96212
95821 96068
96649 96842
96998 98449
97345 98421
97383 97540
97476 97535
97666 97699
97727 98411
97743 98319
97871 98234
98137 98223
98805 104202
98836 104201
98883 98910
98966 102765
98975 102520
99103 101094
99166 99951
99181 99520
99531 99924
99550 99589
99976 100887
100201 100828
100266 100347
100385 100638
100695 100816
101116 102514
101184 102512
101434 102437
101444 102272
101446 102137
101518 101523
101569 101733
101826 101889
101967 101970
101983 102108
102822 104045
102891 103877
102992 103171
103410 103798
104291 105112
104399 105048
104612 104980
105312 105524
105545 106069
105709 105987
105809 105871
106121 110093
106135 110077
106187 106301
106422 106612
106724 110008
106933 109942
106994 109822
107001 109473
107107 109472
107149 107493
107732 109437
107758 107810
107885 108071
108124 109026
108239 108423
108472 108978
108503 108961
109323 109395
110154 110521
110242 110462
110423 110455
110457 110461
111498 111892
111526 111890
111722 111797
111948 112045
112127 112570
112871 119605
112958 119592
113047 119211
113089 113817
113297 113815
113417 113694
113868 114007
114027 119170
114064 117744
114208 117694
114425 117228
114525 114932
114637 114805
114965 117028
115095 115517
115222 115439
115535 115751
115643 115693
116069 116530
116161 116388
116265 116374
116555 116991
116708 116836
117121 117196
117265 117656
117394 117509
117414 117495
117805 119046
117912 118747
118027 118598
118172 118457
118277 118421
118829 119033
118965 118977
119264 119563
119800 119869
