619
41 6456
118 315
584 6408
611 6358
758 1251
763 1134
1407 6322
1420 5166
1437 5134
1666 2006
2027 3889
2098 3752
2136 3452
2254 2630
2562 2594
2667 3418
3002 3284
3299 3395
3463 3678
3973 5108
4197 4960
4263 4953
5217 5573
5782 5964
5973 6091
6168 6199
6501 119990
6608 118351
6741 118347
6809 6851
7034 118310
7058 117960
7070 9043
7303 9018
7304 7674
7678 8777
8033 8762
8117 8679
8124 8637
8199 8588
9055 117666
9198 116606
9222 11903
9225 11801
9233 11719
9246 11667
9295 9863
9999 10547
10125 10362
10569 11518
10689 11508
10705 10889
10917 11119
10982 11110
11950 116477
11952 116361
12033 116281
12146 12481
12609 116276
12693 116146
12862 12993
13100 17029
13175 16970
13178 15219
13395 15174
13581 15038
13702 14920
13840 14613
13951 14397
13990 14062
14191 14321
14732 14896
14929 15023
15336 16935
15481 16844
15544 16760
15607 15859
15875 16556
16055 16251
16342 16458
17126 116131
17156 114632
17170 114523
17252 17266
17342 114517
17504 113487
17653 113065
17864 112629
17883 112618
17891 112293
17942 112093
18004 18108
18286 112016
18339 111961
18443 20091
18544 18924
18771 18915
18775 18910
19018 20047
19121 19951
19185 19930
19418 19514
20223 111948
20287 111849
20352 20753
20695 20743
20762 111823
20783 110833
20867 110817
20912 110762
20965 110688
21032 110595
21182 110568
21208 110379
21233 106506
21320 106490
21364 106356
21404 21428
21471 105893
21520 105851
21812 105829
21921 105719
21988 105305
22021 22266
22390 105286
22447 105277
22499 105056
22571 104986
22605 104959
22636 24549
22651 23335
22654 23176
22818 22847
22961 23025
23228 23321
23265 23266
23354 24497
23427 23949
23457 23852
23569 23604
23977 24432
24141 24381
24562 24639
24707 104869
24713 67224
24963 66884
25002 66831
25085 65657
25092 65618
25118 65605
25321 25620
25698 65584
25736 25837
25893 65428
25954 65085
25999 65040
26066 64897
26088 64893
26416 64870
26470 64668
26607 64404
26757 64314
26822 27281
27291 64175
27300 64155
27390 64020
27409 63045
27413 63002
27450 27661
27521 27533
27696 62977
27749 27959
27965 62856
28246 62812
28326 62786
28497 60842
28519 54223
28608 54042
28619 53842
28677 53648
28791 53601
28815 53537
29049 53527
29187 53101
29215 53011
29256 32901
29280 29429
29620 32696
29636 30602
29647 30231
29773 30015
30399 30437
30611 32657
30627 31071
31203 32510
31230 32349
31241 32134
31351 31692
31752 32053
32138 32336
32394 32469
32852 32860
33020 33160
33243 53007
33377 33496
33386 33481
33540 52918
33568 52735
33749 52733
33795 52485
34207 52346
34215 52031
34250 51882
34283 35057
34386 35037
34462 34992
34653 34872
35077 51776
35178 51774
35620 51743
35637 51691
35768 35993
36213 51661
36217 51656
36237 36965
36354 36890
36501 36716
36502 36626
37082 37176
37200 51622
37362 37662
37515 37640
37771 44113
37821 44063
37848 42918
37946 38005
38116 42264
38165 42248
38214 38232
38588 39286
38661 39010
38665 38815
39069 39253
39290 39477
39508 42213
39575 42094
39604 41955
39625 40408
39704 40337
40024 40122
40192 40308
40569 41879
40966 41712
40999 41557
41182 41477
41724 41860
42301 42804
42402 42737
42945 44053
42997 43124
43220 43627
43672 43889
44182 44214
44246 51590
44287 51146
44359 50736
44372 50650
44516 44882
44680 44756
44772 44784
44922 50445
44951 50350
45320 50346
45344 45437
45459 49564
45540 49509
45544 49428
45662 48969
45772 46118
46210 48919
46269 48820
46386 48351
46491 46680
46923 47950
46933 47088
47257 47559
47369 47513
47574 47892
47765 47888
48046 48344
48397 48781
48450 48560
48983 49324
49111 49129
50030 50282
50737 51110
50784 50902
51229 51587
51953 52005
52154 52257
54300 60573
54327 59407
54423 54432
54445 59374
54496 58944
54497 54514
54530 55699
54626 55386
54659 54975
54749 54788
55522 55523
55757 56440
55841 56355
55980 56006
56448 58911
56562 58811
56850 58807
56856 58694
56900 58617
56970 58615
57023 58260
57214 58200
57225 58016
57461 57840
57539 57724
58076 58144
59061 59177
59429 60544
59584 60401
59596 60148
59862 60004
59875 59883
60200 60266
60598 60742
60979 62764
61020 62676
61066 61410
61162 61291
61571 61785
61789 62634
61818 62253
61909 62126
62978 63001
63258 63590
63352 63471
63498 63550
63595 63908
63732 63786
64511 64630
65194 65344
65459 65579
65709 66785
65770 66658
65866 66248
66089 66237
66261 66292
66299 66612
67025 67218
67285 104853
67352 67538
67544 104795
67599 104725
67695 104624
67783 67796
68037 104606
68053 68624
68277 68527
68678 104503
68739 104208
68819 104174
68846 97419
68915 97359
69018 96778
69128 96738
69326 96714
69383 96637
69394 69619
69411 69521
69649 70052
69871 70044
70191 96246
70204 96244
70374 95797
70391 95657
70407 72047
70520 71764
70670 70861
71015 71263
71271 71603
71374 71492
71455 71477
71872 71882
71941 72024
72116 72157
72167 95652
72174 94669
72183 94486
72198 93817
72270 93716
72365 92442
72451 92427
72532 92375
72694 91751
72715 90761
72717 72872
72932 73038
73043 90746
73179 73225
73253 87676
73284 87501
73298 87416
73386 87407
73416 87236
73437 87141
73476 86336
73481 73588
73642 86164
73643 85563
73679 85523
73848 85480
73854 85319
73905 84974
73950 84946
73983 80292
74066 80289
74257 74440
74460 80251
74521 80151
74575 79944
74579 74696
74726 79811
74770 75266
74939 75164
75275 79701
75393 75746
75491 75699
75824 79685
75842 76756
75992 76739
76327 76709
76334 76356
76879 79362
77093 79316
77140 78944
77425 78844
77514 78711
77659 78323
77986 78208
78372 78382
78397 78691
78866 78933
78946 79113
79592 79675
80415 80489
80622 84593
80666 83447
80717 81900
80755 81843
80779 81018
81092 81801
81252 81755
81320 81543
81459 81520
82002 83277
82313 83138
82395 83089
82504 83076
83456 83846
83505 83508
83521 83801
83556 83564
83948 84428
83976 83994
84078 84378
84648 84936
84711 84892
85028 85076
85187 85291
85750 86117
85844 85975
86491 87087
86601 87028
87844 90745
87870 90509
87895 89622
87906 89471
87923 88480
88187 88240
88496 88748
88599 88710
88824 89345
88929 89218
88953 89036
89635 90504
89737 89841
89875 90501
90808 90896
90957 91710
90970 91036
91048 91371
92087 92272
92499 93587
92602 93301
92840 93205
93395 93584
93824 94438
94023 94272
94699 95396
95229 95392
95445 95623
95721 95743
95820 95932
95947 96202
96336 96526
96985 97055
97096 97312
97137 97254
97491 97522
97620 97980
97988 104050
97992 98023
98078 103944
98092 103921
98095 98675
98147 98465
98221 98398
98817 103877
98879 103790
98998 103749
99020 99069
99209 99220
99223 99425
99591 102385
99675 99685
99710 102330
99743 101538
99816 101413
100144 101149
100177 100231
100356 101139
100437 101099
100507 100757
100640 100662
101152 101405
101583 102270
101667 101753
101974 102034
102436 103722
102730 103717
102760 103362
102785 102947
102962 103274
105409 105684
105431 105592
105756 105823
105934 106057
106126 106269
106574 107634
106578 106604
106725 106863
106897 107612
107037 107280
107159 107262
107170 107240
107555 107572
107690 110353
107749 110285
107857 109988
107893 108068
108183 109869
108201 109600
108257 108421
108301 108390
108533 109098
108567 108917
108613 108914
108987 109056
109145 109483
110150 110198
110391 110557
110633 110669
110986 111806
110990 111742
110993 110995
111974 111988
112148 112197
112304 112449
112369 112402
112899 112970
113151 113429
113430 113456
113511 114508
114041 114496
114118 114361
114650 116129
114661 114686
114781 114975
115014 116089
115027 116036
115197 115907
115242 115876
115420 115442
115488 115855
115599 115779
116689 117645
116727 117431
116877 117415
117040 117286
117667 117931
118084 118216
118352 119955
118372 119941
118597 118819
119064 119903
119083 119855
119168 119219
119362 119783
119447 119757
119498 119614
