608
280 119868
285 119724
335 115391
341 115344
503 113987
544 638
720 113929
766 1184
1214 113912
1274 113858
1418 2283
1665 1728
1740 1953
2027 2167
2351 113856
2497 113759
2601 113713
2657 113442
2811 23914
2850 3064
3151 4200
3286 3372
3445 3455
3719 4111
3727 4033
3739 3883
4349 23911
4576 23738
4600 23721
4676 4983
5037 23674
5083 23479
5193 23014
5199 22950
5514 22912
5638 22722
5701 22534
5717 5746
5765 22527
5786 11831
5790 6611
6087 6609
6092 6456
6110 6364
6623 11805
6665 11765
6721 11688
6902 11565
6918 7133
7145 11414
7148 11352
7247 7418
7630 11300
7779 8153
7878 8038
7894 7921
8220 11168
8224 11143
8413 11043
8541 11035
8566 10881
8911 10842
8926 9014
9170 10756
9347 10594
9484 10347
9577 9697
9834 10124
11861 19166
11870 18247
11886 17766
11947 17744
12137 17665
12272 12951
12329 12760
12453 12533
12818 12868
13005 17620
13011 16676
13044 16396
13227 16136
13300 13484
13492 16134
13592 16082
13806 14553
14086 14532
14364 14500
14598 16026
14759 14894
15037 15966
15048 15929
15105 15245
15307 15924
15369 15864
15581 15786
16143 16360
16204 16311
16416 16458
16690 17586
16866 17573
17006 17385
17404 17562
17805 18126
18300 18335
18384 18978
18565 18928
18629 18884
19315 21354
19435 21047
19492 20959
19575 20800
19608 20740
19796 20475
20053 20119
20317 20331
20515 20725
21392 22421
21575 22416
21799 22045
22089 22335
22795 22855
23076 23414
23325 23332
23969 113437
23975 113412
23976 24433
24001 24183
24601 113384
24715 113292
24732 113013
24783 91355
24870 91335
24887 90088
24966 89571
24982 55910
24984 25109
25210 55883
25229 25279
25432 55740
25476 55727
25668 55694
25735 55517
25750 55310
25794 26016
25832 25952
26075 55284
26172 54695
26297 48429
26301 48417
26420 48247
26429 26647
26675 48080
26702 26997
26844 26989
27103 47757
27458 47717
27485 27521
27597 47598
27767 47548
27800 47464
27825 28324
27840 27951
28173 28202
28356 47392
28437 47370
28462 36729
28477 35347
28508 28605
28774 35197
29045 35174
29055 35143
29063 35020
29073 34843
29206 34714
29314 34671
29365 34618
29466 34526
29517 30407
29729 29935
29731 29928
29954 30341
30447 31784
30476 30739
30769 31769
30836 31577
30855 31031
31109 31483
31794 34493
31868 31995
32011 34400
32189 34378
32285 32441
32446 34315
32553 34213
32634 32648
32768 34082
32830 32888
32909 33678
33018 33172
33305 33654
33473 33625
34722 34799
35365 35418
35448 36694
35605 35630
35706 36546
35737 36105
35765 36005
36140 36447
36151 36415
36848 47344
36863 47323
36906 37230
37255 47317
37375 37401
37482 47183
37512 37560
37885 39684
38158 39633
38179 38233
38301 39625
38365 39605
38436 39596
38466 39347
38903 39346
39017 39129
39730 46960
39770 39851
39908 46945
39919 46884
39937 41977
39945 41783
39967 41041
40183 40930
40207 40897
40253 40703
40266 40357
41111 41200
41314 41701
41514 41582
42078 46829
42129 46549
42176 42316
42344 46480
42444 46305
42496 45758
42508 45679
42552 45578
42581 44094
42698 43250
42789 42934
43309 43705
43335 43640
43471 43514
43537 43612
43760 44084
44120 44256
44272 44415
44466 44489
44656 45505
44761 45200
44773 44924
45893 46049
46080 46256
46647 46696
48458 49071
48703 48939
49088 54666
49095 54652
49198 49237
49503 54621
49528 54489
49637 54458
49656 53774
49692 53352
49747 53291
49824 52729
49828 52702
49845 50393
49859 50333
50093 50260
50432 52676
50694 52673
50796 50891
50933 52549
51171 52521
51187 52030
51288 52025
51460 51916
51622 51897
51728 51765
52449 52486
52917 53144
53046 53109
53354 53737
53802 54396
54721 55166
54803 55116
55915 89522
55919 78984
55939 78890
55991 56122
56200 78845
56218 78524
56405 78344
56425 78220
56887 78148
56914 78142
57007 78057
57132 77177
57164 77107
57367 77054
57375 76331
57490 76326
57598 75653
57608 60844
57867 60680
58118 59107
58129 58622
58275 58306
58656 58974
58980 59061
59195 60649
59206 60618
59218 60193
59313 60149
59374 59711
59831 60027
60216 60442
60499 60595
60704 60716
60889 61568
61171 61531
61575 75643
61645 62023
61646 61671
61686 61988
62087 75539
62143 75533
62251 75513
62340 63384
62362 63376
62386 63249
62500 62670
62721 62798
62929 63225
63359 63369
63423 75336
63497 75329
63569 65300
63590 64723
63607 64676
63623 64648
63656 63742
63839 63906
63978 64444
64178 64265
64868 65054
65180 65210
65372 75325
65388 65632
65406 65425
65635 66405
65949 66106
66407 75299
66412 66823
66898 75078
67104 75033
67158 74850
67266 74201
67319 67398
67439 67469
67526 74111
67606 73963
67702 73959
67726 73800
67746 70503
67748 70153
67772 68334
68023 68240
68170 68183
68447 70148
68456 69991
68515 69353
68520 69320
68586 69300
68634 68867
68903 69210
69559 69728
70517 71287
70533 70584
70671 71213
70724 70796
70848 70908
70944 71181
71308 73238
71349 73104
71478 72944
71494 71543
71552 72925
71693 72670
71838 72431
71850 72204
72679 72901
73270 73784
74260 74409
74607 74801
75810 76067
76020 76024
76468 76961
76482 76656
76548 76626
76867 76881
77188 77961
77507 77623
77971 78001
78999 89445
79052 80731
79203 79525
79562 80645
79643 80535
79709 80491
79760 80257
80294 80433
80761 89435
80779 89407
80866 85841
80962 85791
81108 85778
81241 81634
81332 81392
81682 83388
81762 82667
81853 82611
81938 82161
82163 82504
82708 83269
82827 83253
83433 85628
83568 83630
83684 85507
83807 85281
83827 84423
83840 83961
84031 84140
84300 84415
84544 85216
84557 84713
84732 84757
84800 84833
85320 85435
85868 89312
85986 86361
86044 86171
86371 89132
86443 89003
86505 86808
86506 86558
86813 87254
87008 87136
87062 87104
87278 88907
87461 87476
87620 88143
87667 88034
88198 88856
88212 88825
88438 88692
89235 89251
89579 90072
89627 90022
90098 91254
90129 91043
90401 90933
90493 90735
91390 113007
91503 113005
91619 112845
91653 112709
91867 112606
91882 112560
91884 92029
92036 92060
92140 112533
92146 112437
92368 112422
92521 112369
92522 111666
92612 111501
92633 93363
92685 93222
93364 93626
93768 111474
93944 111353
94063 111248
94073 95834
94200 95756
94290 95615
94445 94566
94704 95528
94747 94926
95122 95160
95241 95420
95875 111176
95890 111085
95934 110893
95947 110758
96005 110652
96161 96873
96278 96487
96523 96707
96925 107966
96981 107917
97057 107895
97211 107864
97343 99952
97504 99768
97584 99617
97633 99339
97661 98670
97848 98430
97982 98396
98033 98326
98457 98577
98519 98526
98911 99282
98985 99112
100003 107784
100118 106950
100551 106887
100584 106795
100703 106738
100705 106719
100757 106474
100767 106465
100807 102349
100997 101566
101146 101407
101589 102324
101620 102322
101636 102134
101663 102021
102371 106286
102413 106119
102615 104901
102668 103180
102766 102826
102891 102943
103195 104886
103292 104753
103319 104561
103342 104537
104089 104267
104270 104504
105010 105637
105093 105470
105165 105440
105668 105729
105772 105825
105832 106074
106515 106549
106637 106700
106995 107653
107023 107461
107089 107415
107221 107337
108082 110579
108293 110549
108424 110546
108435 108630
108821 110504
108872 109766
109250 109749
109475 109698
109769 110444
109973 110320
110207 110298
110600 110650
111812 112341
111996 112290
112379 112385
112630 112657
113032 113273
113515 113688
114004 115267
114132 115260
114301 115101
114391 114984
114683 114757
115409 119722
115584 115772
115809 119645
115988 116115
116126 119627
116174 119588
116279 119555
116399 116691
116823 119464
116858 117769
116974 117070
117077 117539
117351 117533
117778 118530
117864 118258
118377 118529
118532 119192
119376 119417
119389 119397
