691
23 149765
103 183
302 373
459 145840
541 145609
925 145430
1212 145243
1268 145195
1309 144952
1375 144891
1794 63107
1964 62742
2070 62737
2095 62518
2098 2730
2315 2603
2745 3054
3093 62449
3133 62419
3162 62034
3600 61880
3673 61870
3746 10793
3766 10725
3821 10657
3829 10338
3957 10311
4220 10248
4274 7038
4402 6921
4531 5229
4633 4896
4677 4736
5321 6897
5372 6704
5427 6546
5466 6515
5760 6472
7051 7078
7089 10119
7527 7746
7826 10102
7992 8951
7994 8553
8561 8932
8588 8878
8960 9947
9090 9609
9138 9461
9243 9394
10486 10610
11203 61739
11275 61658
11293 11494
11593 61629
11607 61468
11761 12564
11913 12470
12148 12170
12274 12287
12322 12454
12475 12545
12681 61433
12686 61399
12732 18817
12940 18808
13127 18762
13141 15616
13220 13547
13259 13271
13600 14448
13610 14323
13724 14234
13766 14136
14479 15008
14483 14839
14584 14652
14714 14774
15047 15419
15331 15412
15714 18727
15737 18497
15907 16294
16018 16213
16317 16817
16834 18485
16850 17119
17131 17141
17340 18455
17716 18195
18501 18580
18919 61309
19133 61308
19391 20974
19447 20119
19561 19930
19672 19752
20136 20969
20231 20816
20579 20604
20980 61265
21075 21787
21178 21224
21434 21498
21569 21674
21878 61175
22008 61087
22029 61058
22231 61034
22270 60201
22322 60188
22337 60182
22354 60169
22401 22634
22675 60077
22755 60043
22775 60023
22833 58235
22870 58155
22926 23163
23218 53905
23230 23414
23557 53900
23604 53604
23677 23694
23723 25509
23726 25493
23936 25278
24024 25217
24046 24608
24144 24449
24625 24656
24834 25206
24923 25099
25553 28967
25570 28778
25616 28764
25654 28279
26065 27973
26101 26790
26440 26760
26599 26721
26876 27954
26908 27950
27056 27286
27372 27634
27864 27879
28366 28696
28968 53537
29020 29204
29225 53524
29382 53515
29572 53505
29634 52617
29896 52531
29962 52314
29991 46380
30042 46359
30223 46324
30449 31196
30501 31179
30684 30803
31399 46257
31429 46077
31624 31967
31658 31936
31831 31896
31974 44770
32112 44525
32182 44375
32243 32730
32769 32884
32943 44373
33111 33195
33258 44298
33289 33930
33409 33632
33698 33843
34011 44236
34014 44091
34078 44039
34511 43903
34599 36660
34833 36658
35133 35340
35416 36435
35430 36381
35625 35994
35632 35868
35667 35862
36755 43828
36925 37214
37257 43783
37352 42701
37563 42673
37566 42599
37656 38096
37762 37960
37868 37936
38180 42593
38260 39443
38444 39417
38558 38626
38594 38595
38749 39139
39447 42033
39687 41875
39787 41835
39852 40492
40042 40245
40253 40366
40571 41569
40633 41565
40675 41532
40710 40805
40952 40985
41000 41455
41176 41205
41604 41728
42186 42264
42451 42563
42731 43758
42774 43411
42903 42910
43548 43690
44567 44755
44570 44602
44789 45964
44963 45291
45309 45942
45802 45847
46492 52004
46494 51844
46658 51578
46668 46758
46772 48927
46776 47519
46912 47450
47002 47431
47069 47240
47615 48875
47645 48335
47667 47760
47825 48265
48440 48811
48981 51548
48986 51526
49043 51272
49318 51249
49499 51239
49546 49813
49634 49656
49871 51216
49946 51194
50010 50352
50087 50200
50862 51035
51362 51404
52105 52222
52355 52449
52415 52443
52664 53465
52692 53273
52723 53038
53367 53423
53609 53881
53946 58082
54233 57962
54247 55898
54377 55871
54668 55260
54679 55256
54807 55138
55443 55678
55723 55812
55987 57756
56036 57239
56248 57078
56446 57067
56829 56969
57084 57233
57389 57396
57438 57724
57788 57945
58274 60007
58498 58733
58924 59987
58979 59618
59019 59466
59038 59115
59623 59967
59666 59673
60289 60376
60611 60651
62134 62369
62779 62857
63227 144821
63229 144557
63238 144537
63336 144472
63399 144350
63404 63568
63743 63824
63901 143468
63936 143458
63971 64325
63992 64060
64152 64269
64355 66107
64621 65913
64636 65712
64730 65578
64878 65135
65597 65654
66236 143451
66280 141832
66337 141792
66360 141791
66496 66813
66497 66622
66978 141788
67016 140842
67176 140754
67214 140734
67250 140458
67313 140261
67353 140131
67470 140067
67485 136749
67561 136747
67768 135644
67807 135408
67832 68771
67887 68645
67916 68191
68855 135284
69043 134664
69183 134641
69368 134588
69399 134237
69417 134204
69702 134085
70002 134055
70114 133899
70133 133890
70224 71420
70457 71352
70775 71307
70885 70981
71073 71167
71238 71265
71565 133889
71799 133888
71959 133857
72137 133788
72171 133051
72319 132615
72413 132338
72418 132337
72486 87792
72609 87673
72618 72930
72966 87358
73384 87334
73420 87222
73488 87046
73684 86939
73770 83089
73811 82953
73855 82710
73894 74891
74134 74247
74618 74875
74711 74851
74978 82708
75026 82557
75073 82444
75110 80852
75198 76663
75359 76571
75557 76560
75786 76148
76173 76396
76823 80748
76900 80015
76984 79999
77076 79907
77289 79868
77446 79863
77686 79859
77966 78056
78167 78331
78660 78784
78799 79681
79396 79610
80126 80429
80869 82402
80976 81110
81206 82372
81241 81482
81510 81774
81931 82211
83043 83088
83142 86898
83195 86558
83386 83487
83510 86507
83605 86500
83878 86248
83899 83961
84164 86107
84246 84828
84698 84749
85026 85837
85098 85755
85240 85746
86703 86835
87152 87177
87484 87638
87874 132301
87887 132213
88155 131836
88191 131546
88233 131431
88424 131272
88644 131032
88666 130981
88669 129802
88839 129799
88867 94644
88870 94508
89094 94140
89217 93943
89240 93910
89276 93840
89279 89855
89488 89707
89872 93708
89900 89968
89978 93615
90112 90238
90300 93540
90452 93505
90501 93201
90672 92568
90745 92399
90750 91710
90773 91686
90947 91559
91093 91318
91804 92252
91960 92029
92157 92210
92639 92709
92806 92834
92838 92900
93709 93724
94052 94082
94150 94421
94187 94336
94677 129789
94681 129609
94721 94766
94935 128367
94953 128080
95155 128070
95347 95360
95397 128046
95563 128015
95578 127895
95606 97614
96143 97547
96542 96849
96871 97327
96974 97005
97040 97325
97619 127892
97633 126478
97779 97882
97886 126411
97938 126138
98029 126116
98048 126067
98181 125484
98294 125331
98577 125006
98911 124932
98988 124771
99025 124753
99152 124748
99195 99588
99698 124678
99925 99937
100060 124585
100065 124533
100069 124416
100192 124303
100382 124185
100435 124148
100474 123423
100504 123261
100781 123237
100936 101995
101053 101925
101070 101739
101106 101689
101240 101554
102082 123168
102218 122870
102313 122640
102342 120231
102379 120181
102420 102828
102771 102798
102918 120020
102933 119958
102941 106456
102954 106423
103102 106350
103334 106173
103430 103586
103626 105994
103662 103691
103704 104286
104020 104066
104427 105631
104434 104833
104839 104845
105021 105364
105183 105210
105277 105328
105368 105630
106077 106112
106470 106532
106563 119212
106651 119211
106685 107496
106826 106984
107180 107480
107410 107467
107697 119185
107907 119174
107936 108173
108194 119125
108280 118997
108536 118888
108546 118808
108603 108747
108866 109107
109217 111382
109332 111103
109399 110933
109436 110151
109446 109556
109560 110146
109883 110121
110388 110851
110400 110763
110423 110611
110485 110566
111397 111474
111521 118761
111529 111668
111687 118701
111755 118511
111941 118502
112238 118190
112272 112399
112428 118139
112471 118053
112483 117777
112657 117762
112682 114201
112759 113242
113437 114176
114240 117744
114340 114587
114595 117476
114611 115250
114710 115082
115255 117450
115633 117237
115828 117156
115989 117112
116019 116486
116269 116466
116640 116727
116760 116779
116843 116890
116977 117065
117666 117725
118228 118455
118299 118381
118915 118961
119253 119284
119363 119863
119475 119823
120381 122245
120387 122242
120431 122114
120654 120741
120794 121976
121128 121353
121516 121648
121732 121935
122364 122496
122898 123166
123471 123977
123500 123551
124080 124090
125034 125044
125049 125312
125491 125996
125499 125935
125553 125812
125617 125792
126261 126334
126567 127836
126706 127822
126996 127677
127340 127495
128458 129507
128526 129382
128533 128753
128604 128653
128905 129367
129147 129230
129863 130507
130014 130274
130459 130464
130652 130956
131282 131355
131959 132158
132760 133041
133255 133546
133295 133350
133405 133420
133648 133777
134714 135183
134802 135069
134853 135066
135663 135821
135909 136734
135997 136137
136155 136678
136188 136593
136787 140005
136791 137632
136807 137290
136843 136944
137472 137621
137684 137877
137881 139803
137988 139429
137995 138595
138185 138538
138435 138460
138703 138793
138899 139411
139036 139127
139495 139677
141055 141509
141131 141266
141539 141693
141845 142876
141847 142771
141895 142617
142088 142514
142330 142384
143059 143318
143527 143735
143847 144182
145662 145835
145940 149761
145972 149006
146004 148978
146236 146310
146337 148950
146391 148900
146594 146647
146751 148870
146839 148628
146848 147097
147145 147580
147419 147523
147625 148556
147891 148492
148114 148267
149100 149671
149281 149566
149453 149493
