689
166 149018
219 247
299 148925
322 2316
628 2240
648 2184
785 1067
914 1004
1239 2158
1381 1507
1792 1951
2024 2075
2324 5335
2360 4574
2481 4464
2507 3949
2671 3892
2902 3261
3578 3792
3593 3692
3900 3926
3957 4294
4645 5110
4869 5056
5359 148842
5429 148840
5573 148298
5623 148215
5711 14203
5890 14156
6010 14126
6178 13977
6209 13000
6261 12776
6308 8167
6353 6633
6636 6660
6731 7684
6822 7186
6909 7026
7314 7629
7338 7513
7884 7938
8190 9057
8242 8958
8399 8808
9092 12732
9304 12687
9434 12616
9578 12430
9722 12352
9752 12300
9858 12136
9873 11938
10109 11931
10768 11909
10775 11160
10840 11007
11382 11642
11385 11396
12789 12813
13032 13950
13066 13753
13462 13677
13777 13902
13803 13846
14241 148140
14403 148085
14659 14802
14822 147409
14847 15024
15100 147239
15129 146939
15145 146680
15277 146668
15369 146517
15479 146515
15631 146398
15682 15845
15931 20091
16013 16118
16231 19975
16353 19960
16415 19375
16452 16715
16828 18146
17015 17108
17224 18111
17273 18093
17404 18049
17566 17973
17657 17740
18147 19371
18234 19099
18411 18974
18476 18931
19384 19951
19481 19857
20104 20615
20670 146247
20758 146196
20937 146063
20972 21316
21414 145961
21521 21720
21530 21683
21992 145946
22085 145740
22176 145718
22269 145430
22359 143161
22431 143148
22439 142990
22525 137282
22588 136345
22656 22663
22689 136325
22968 136233
23105 135755
23313 135740
23345 135536
23372 135451
23430 36978
23538 36913
23695 23733
23828 36729
23960 36588
24388 36355
24561 36351
24617 36204
24824 36191
25041 25245
25284 36166
25304 36007
25316 35231
25457 35208
25510 34444
25514 34418
25523 26552
25545 25717
25799 26529
25879 26022
26067 26366
26553 34348
26557 29277
26630 29276
26825 29261
26940 27182
27190 28807
27412 28800
27426 28370
27499 28346
27712 27875
29010 29126
29284 34303
29897 34119
29941 34030
30028 34017
30042 30313
30411 33924
30547 33900
30549 31793
30655 31233
30928 30975
31322 31624
31916 33864
31942 33795
32018 33642
32177 33603
32401 32422
32406 32416
32486 33244
32602 33007
32654 32744
32789 32832
34460 35173
34539 34546
34829 34993
35298 35423
35593 35920
35733 35895
36359 36560
36993 135309
37067 135108
37080 134948
37128 134822
37206 134814
37399 37741
37601 37724
37770 134804
37843 111802
37862 111610
37886 111454
37910 111354
37969 38650
37981 38626
38027 38143
38253 38607
38719 111298
38890 38945
38947 111285
38987 39293
39414 39495
39558 111281
39684 103196
39690 103079
39788 41099
39879 40842
39893 40719
39989 40347
40068 40293
40436 40450
40464 40469
41209 103009
41215 102945
41338 102587
41378 99400
41422 99397
41528 99315
41568 98570
41613 98553
41901 41927
41958 97563
42005 97532
42062 42356
42527 97426
42538 45532
42562 45520
42575 45473
42672 45285
42846 45223
42951 43597
43270 43518
43648 45166
43933 45094
43962 44100
44552 44785
45544 97349
45545 69291
45614 68716
45627 68297
45669 68211
45850 46036
45856 45891
46098 68177
46175 46295
46430 68143
46485 46588
46719 68099
46735 67370
46760 46917
46922 67322
47315 67311
47558 48064
47588 48059
47772 47938
48076 67184
48290 67152
48339 66939
48391 66924
48393 66756
48730 65361
48745 65296
48774 65258
48775 62050
48954 61931
49153 49319
49487 61283
49514 61242
49560 54994
49957 54926
49996 50222
50237 54880
50434 54825
50531 54758
50579 52764
50792 52518
50819 51630
50895 51518
50969 51393
51117 51300
51649 52306
52153 52156
52311 52442
52618 52725
52872 54736
53138 54734
53591 53891
53757 53791
54539 54607
55132 61220
55191 61036
55204 60926
55306 56686
55388 56526
55389 56346
55410 56031
55702 55810
55914 56026
56409 56521
56947 60885
57035 57191
57316 60845
57322 59518
57342 58910
57622 58896
57847 58010
58026 58848
58075 58841
58154 58619
58979 59458
59566 60727
59627 59676
59684 60327
59845 60067
60145 60257
60150 60161
60485 60717
60653 60682
61358 61587
61508 61552
61850 61923
62083 64390
62169 64179
62170 62472
62544 64144
62566 64051
62676 64037
63078 63821
63375 63787
64201 64290
64605 65229
65039 65170
65550 66727
65555 65687
65736 66549
65965 66334
66013 66290
67245 67259
67491 68055
67655 67999
67889 67974
68539 68659
68601 68610
68719 69158
68823 68836
69324 97272
69372 97132
69407 97075
69544 96956
69561 69691
69758 69856
70230 96917
70495 96371
70514 96353
70589 82694
70595 82543
70645 82465
70704 82435
70822 82384
70828 72665
70836 72660
70967 71658
71026 71575
71602 71653
71837 72574
71891 72381
72784 82302
72793 82021
72875 82013
72947 81946
73013 73016
73061 73709
73356 73635
73736 81901
73765 81869
73869 75767
74088 75744
74435 75721
74461 75575
74530 75548
74681 75459
74696 74922
74987 75047
75071 75397
75874 81798
75907 81668
75913 76008
76173 76246
76331 81544
76452 81388
76454 78008
76712 77417
76835 76969
77545 77882
77673 77739
78059 81303
78176 80466
78203 79823
78246 79782
78284 79557
78361 79313
78379 78423
78479 78810
78943 79059
79593 79736
79824 80424
80625 81291
80857 81270
81002 81181
82752 96290
83005 96227
83075 96176
83246 95793
83306 95704
83500 95626
83617 95568
83982 84006
84057 84331
84346 95561
84549 84705
84793 95557
84855 84958
85213 95466
85260 85434
85533 95284
85578 95048
85661 94513
85673 94465
85794 94463
85929 86162
86192 91693
86264 86739
86460 86678
86777 90376
86794 90373
87036 90260
87069 89953
87084 89906
87181 89850
87204 88816
87599 87806
87618 87792
87926 88741
88227 88694
88341 88586
88920 89798
89132 89438
89519 89527
89535 89682
90396 91540
90447 91492
90617 91437
90702 90776
91009 91425
91053 91316
91832 94309
91858 94164
91870 94107
92137 92275
92348 94073
92426 94045
92625 92703
92783 92948
92787 92942
92962 93270
92974 93197
93345 93794
93355 93587
93737 93791
94636 94964
95098 95260
96466 96785
96513 96761
97220 97249
97430 97433
97569 98484
97642 98267
97703 98172
97767 98052
97855 97920
97956 98022
98696 98712
98748 99258
99548 102369
99740 101807
99760 99762
99846 101799
100087 101750
100140 100216
100148 100171
100303 101640
100356 101460
100681 100988
101029 101414
101215 101292
101809 102352
102605 102913
103211 111263
103218 111128
103227 110897
103376 103380
103538 110886
103898 110847
103932 110818
103954 110777
104020 110660
104110 104434
104125 104183
104263 104355
104662 110620
104668 110562
104966 105697
104993 105635
105520 105588
105733 110164
105780 110027
105925 109941
105970 108457
106239 106755
106337 106471
106517 106724
106952 108443
107044 108439
107247 108404
107591 107689
107622 107655
107693 108055
108091 108388
108723 109910
108725 109055
109095 109873
109304 109688
110175 110542
112164 134798
112268 112594
112781 113039
113086 134607
113088 134422
113118 133355
113140 113161
113280 133169
113341 132906
113374 132796
113407 132723
113543 132697
113801 115754
113819 115720
114027 115508
114050 115495
114061 114524
114194 114391
114454 114500
115068 115382
115843 116022
116038 132684
116088 121991
116140 121878
116234 116286
116309 121862
116460 121524
116481 121475
116726 119222
116800 119216
117010 119074
117071 118770
117218 118558
117222 118349
117230 117495
117647 118261
117781 117939
118564 118745
119369 119712
119767 121471
119793 121463
119812 120504
120032 120428
120102 120222
120605 121043
121295 121313
121400 121462
121564 121820
121577 121798
122147 132464
122236 132456
122283 132454
122337 132411
122354 122552
122560 131727
122840 131688
122939 131137
122991 122996
123058 131000
123158 127166
123361 126906
123755 126900
123927 126842
123963 126748
123981 124044
123994 124027
124112 126651
124274 124681
124821 126543
124951 125024
125080 126504
125170 125804
125222 125494
125232 125409
125620 125720
125889 126455
126038 126454
126244 126399
126964 127134
127241 130854
127288 129577
127437 129358
127464 129244
127490 128177
127537 127989
127645 127685
128380 128676
128777 128890
128985 129232
129039 129180
129083 129169
129425 129431
129636 129921
129641 129763
129974 130846
130011 130251
130275 130549
130562 130839
130618 130642
131341 131582
131342 131368
131594 131653
131747 132396
131925 132056
132135 132278
133483 134240
133545 134172
133562 133668
133679 133920
134626 134787
134965 135045
135851 135943
136350 137211
136517 137197
136730 137097
137335 141702
137341 140986
137401 140953
137489 140919
137570 137626
137680 138067
138080 140889
138103 140870
138131 139996
138226 139358
138500 138651
138688 139303
138729 139272
139067 139171
140306 140347
140428 140524
140544 140738
141084 141617
141186 141361
141748 142862
141804 142045
142114 142829
142236 142826
142387 142697
143001 143080
143237 145304
143253 145223
143426 145075
143489 144960
143600 144706
143711 144563
146769 146880
147496 147841
147542 147764
148959 148983
149026 149850
149255 149367
149465 149840
149611 149791
149869 149928
