691
36 148062
68 148035
70 743
277 375
755 147919
890 147916
904 147880
1091 147085
1130 146965
1177 146897
1243 2842
1406 2676
1427 2310
1459 1480
1557 2245
1732 2148
2360 2498
2884 146889
3015 4044
3081 3483
3127 3228
3614 3978
4086 146878
4171 146832
4303 13682
4430 13680
4448 4772
5008 13643
5044 13581
5229 5497
5562 13262
5700 13187
5746 13074
5786 5959
6054 9107
6060 8209
6144 8040
6343 8006
6394 7499
6554 7437
6596 6861
7124 7370
7133 7164
7606 7815
7701 7748
8433 9075
8438 8836
9125 13062
9221 10623
9314 10555
9403 10544
10006 10533
10105 10465
10967 12091
11054 11843
11257 11807
11539 11684
12165 13060
12179 12391
12450 12996
12513 12960
12613 12785
13764 146700
13815 146651
13903 146493
14227 14275
14454 146472
14506 23798
14646 20718
14829 20644
14872 20438
14897 20410
14982 14989
15025 17796
15042 17652
15067 15461
15113 15411
15206 15409
15475 17590
15590 15870
15907 17547
15996 17461
16174 17456
16243 17407
16682 17335
16977 17185
17347 17363
17932 19965
18140 19898
18181 19033
18290 18863
18377 18786
19121 19871
19754 19840
19977 20207
20213 20402
20892 23765
20913 23748
20930 23399
21100 23398
21156 23141
21329 23110
21343 22899
21583 22831
21676 22480
21723 22209
22256 22366
23821 146413
23871 146402
23908 146259
23910 145461
24094 145090
24195 145032
24625 145013
24802 144813
24847 144396
25080 143817
25140 143674
25256 143555
25419 143544
25523 143521
25612 29671
25665 29597
25745 29207
25788 25792
25862 29089
25921 27607
25924 25981
26009 27543
26059 26614
26625 27419
26843 27150
27653 29085
27807 28994
28082 28804
28260 28693
28432 28564
29220 29555
29682 142686
29772 142546
29840 30646
29917 30361
30711 142476
30752 140224
30821 31179
30851 30936
31271 140192
31275 33692
31291 33674
31306 31510
31586 31593
31611 33621
31630 32398
31691 32358
31704 31706
31882 32235
31906 32208
32400 32557
32687 33325
32875 32926
32887 32923
32976 33250
33326 33607
33835 140110
33859 139679
33973 139580
33995 139531
34116 139457
34137 34875
34272 34856
34276 34543
34281 34394
34828 34853
34992 36749
35149 36696
35150 36204
35170 36096
35612 36040
36414 36603
36757 139450
36794 139377
36843 37384
36957 36987
37109 37275
37395 139278
37421 37470
37566 37741
37843 139276
37936 139131
38005 42031
38029 41936
38139 38386
38424 41882
38439 38671
39061 41859
39126 39437
39454 41821
39479 41743
39598 41177
39614 40103
39686 39920
39707 39813
40375 40482
40523 40822
40967 41168
41062 41092
41208 41255
41261 41711
41438 41486
42045 42190
42193 42617
42219 42555
42344 42463
42655 138948
42698 138717
42903 138521
43053 43483
43275 43365
43510 43690
43584 43617
43793 138479
44062 138352
44379 138319
44568 126728
44687 126724
44694 126722
44735 44859
44967 126688
44995 126548
45103 45208
45288 125737
45318 125663
45678 122821
45792 122793
45968 122729
46033 122617
46064 122312
46204 46790
46399 46736
47020 122247
47187 122112
47279 47362
47559 48489
47613 47974
47646 47731
48144 48473
48556 122039
48562 121977
48563 121615
48685 121539
48705 121417
48783 120656
48843 120478
48887 120345
48959 52015
49023 51921
49135 49305
49469 51816
49516 51083
49557 50148
49641 49973
49668 49917
50221 50944
50222 50705
51186 51756
51198 51685
51828 51903
52160 119016
52211 118965
52225 118951
52337 118858
52345 118716
52364 118708
52500 69422
52552 69407
52568 69368
52852 52889
53324 69307
53449 69301
53622 67927
53661 67875
53751 67863
53845 67705
53894 67703
53974 65911
54027 54983
54080 54877
54252 54592
54288 54374
54646 54802
54984 65869
55022 65850
55118 65333
55187 65081
55213 64864
55277 64779
55322 63729
55345 63508
55399 63489
55563 63438
55826 63268
55887 63231
55940 56132
56160 59264
56176 59253
56239 56337
56582 59207
56698 56770
56884 59047
56966 58889
57168 57473
57503 57868
57534 57811
57544 57764
57943 58576
57974 58488
58114 58219
58290 58351
58641 58870
59360 63146
59378 59397
59445 62176
59491 59730
59855 62047
59861 61994
59927 61969
60282 61828
60460 60917
60504 60768
61197 61823
61226 61412
61649 61770
61859 61949
62287 63103
62290 62995
62291 62951
62431 62639
62684 62772
64453 64588
64985 65051
65415 65794
65923 67009
66028 66856
66040 66822
66068 66457
66378 66436
67431 67582
67961 69191
68159 69166
68311 69094
68318 68451
68481 69072
68776 69014
69604 118652
69750 74315
69877 74054
69911 74030
69996 74001
70089 70431
70441 74000
70595 70621
70961 73911
71184 73893
71489 73833
71502 73830
71607 71637
71985 72740
72248 72697
72851 73356
73038 73265
73366 73760
73466 73591
74369 118639
74399 74403
74479 118631
74511 112057
74521 111956
74563 111812
74606 111797
74622 111495
74758 75018
75255 111452
75335 75447
75493 84652
75533 84284
75578 84226
75677 83575
75796 83440
75816 75903
76130 83368
76150 83286
76279 77132
76291 77124
76551 77009
76648 76942
77143 77558
77527 77543
77733 83254
77772 78888
77837 78859
77938 78723
78024 78688
78046 78250
78423 78639
79347 83230
79482 83161
79673 82919
79705 82910
79734 80463
79737 80432
79921 80147
80531 82853
80637 82823
80679 80893
81063 82616
81226 82498
81236 82061
81256 81977
81506 81926
83712 84220
83740 84091
83789 83817
84360 84596
84822 111350
84823 111345
84910 85491
85049 85475
85144 85382
85493 111256
85681 111236
85847 110982
86006 110889
86152 108256
86214 108185
86217 107693
86411 100647
86444 100598
86515 99282
86575 99116
86582 98915
86652 98724
86676 89998
86750 87972
86839 86891
86912 87918
86996 87150
87186 87499
87598 87880
87991 89859
88041 88390
88857 89731
88992 89530
89136 89444
89333 89367
89616 89724
90012 98688
90037 98291
90082 98193
90195 97977
90361 91153
90498 91099
90520 90898
90772 90801
91174 97869
91220 96344
91252 91443
91253 91318
91582 96265
91718 96150
91748 96039
92018 96013
92124 92175
92184 92269
92378 95993
92671 95953
92985 93419
93096 93167
93301 93411
93476 95862
93534 93585
93588 95399
93615 95384
93714 95370
94241 95329
94439 95273
94446 95100
94527 94986
94643 94864
94895 94902
95158 95188
95537 95698
96347 97784
96403 97708
96404 97419
96523 96966
96588 96802
97220 97288
97313 97367
97518 97672
98335 98545
99336 100595
99480 99924
99974 100516
100094 100506
100142 100294
100555 100567
100697 107639
100772 107300
100801 107248
100908 106979
101069 106853
101239 101595
101428 101592
101683 101725
101920 106837
102070 103824
102161 103752
102319 103712
102617 103616
102819 103614
102913 103341
103827 106596
103994 104596
104345 104520
104621 106492
104707 105555
104808 105074
104811 104921
105091 105463
105589 106483
105821 105960
106129 106153
106349 106481
106865 106961
107694 107812
108147 108149
108373 108375
108427 110873
108775 110844
108782 110835
108889 110596
109082 110592
109330 110591
109504 109560
109567 110519
109647 109814
109820 110428
110196 110407
110199 110284
111663 111719
112098 113048
112329 113018
112362 112673
112706 112809
113137 118629
113241 118613
113536 118396
113587 118311
113652 118302
113661 118116
113725 117752
113756 117119
113811 116708
113969 115465
114060 114598
114076 114526
114145 114511
114182 114245
114793 115341
114949 115219
115165 115200
115540 115618
115669 115811
115819 116704
116064 116634
116271 116375
116724 117097
117858 118086
118462 118604
119118 120329
119527 120260
119598 120003
119740 119947
119776 119936
120026 120144
120812 120934
120998 121390
121097 121370
122915 125658
122945 125554
123001 123678
123040 123508
123187 123380
124123 124251
124474 125450
124774 125440
124803 125146
124838 125126
124907 124946
125739 125762
125862 126446
125897 126096
126241 126283
126909 138309
127007 138143
127086 137021
127250 136950
127359 136877
127402 127523
127568 127570
127625 127642
127652 136672
127743 127907
127981 136468
128010 133824
128018 133724
128203 133705
128310 128637
128666 133656
128822 129264
129367 133620
129452 130323
129515 129797
129982 130259
130349 133515
130579 133470
130732 133404
130750 131249
130934 131163
131258 133359
131290 133293
131407 133194
131982 132103
131993 132069
132162 132234
132367 133095
132426 133014
132470 132759
133856 134384
134124 134174
134411 136414
134641 136247
134663 136087
134725 134987
135019 135044
135107 136008
135121 135164
135273 135864
135379 135523
135524 135706
135896 136002
136105 136189
136285 136378
136470 136564
137108 138060
137259 138059
137632 137819
138153 138295
139829 139954
140032 140089
140228 141604
140237 141478
140382 141366
140632 141297
140745 141158
140822 141040
141710 142395
141997 142359
142070 142212
142264 142345
142810 143512
142835 143416
142867 143223
142891 143134
142990 143041
143856 144259
143966 144240
144140 144231
144546 144730
145124 145350
145561 146240
145614 146221
147209 147835
147221 147236
147622 147713
148172 149082
148450 148917
148626 148661
149203 149977
149674 149871
149887 149947
