789
14 133
195 177168
221 170549
319 170493
321 170484
340 170080
403 169746
454 168150
563 168037
896 168014
954 1152
1271 1359
1371 1470
1640 167417
1722 167395
1804 167212
1824 167066
1828 166285
1849 165167
2314 165143
2447 3751
2477 3692
2726 3458
3489 3572
3787 165086
3797 164778
3800 6514
3885 6374
3948 5134
3986 4283
4060 4141
4525 4786
4527 4719
5142 5379
5518 6150
5541 5583
5619 6117
5640 5912
5811 5835
6570 164637
6617 164600
6780 164320
6850 164309
7041 156669
7083 7960
7099 7845
7712 7840
8105 156463
8231 156416
8235 8324
8384 156383
8789 12116
8872 12104
8921 12025
9125 11966
9320 9918
9432 9762
9587 9731
10124 11860
10126 11731
10284 11509
10706 11476
10743 11256
10854 11174
12174 156352
12233 156340
12250 156333
12268 156283
12269 12278
12514 156182
12880 156043
12885 13424
13005 13136
13215 13303
13569 155887
13583 154917
13598 154869
13606 153359
14018 152974
14171 14503
14600 152970
14690 152679
14813 152392
14920 152297
15051 152274
15135 151674
15186 15416
15437 16133
15453 16115
15504 16083
16249 16272
16345 151637
16349 150167
16384 18454
16468 16542
16618 17687
16695 17663
16746 17610
16907 17400
17708 18276
17932 18056
18463 149981
18515 109799
18842 109781
18905 109572
18921 109568
19122 108932
19456 108499
19480 108430
19596 108428
19598 108215
19600 108168
19602 19747
19825 96041
19972 20227
20034 20120
20388 95733
20413 95630
20444 20694
20733 95583
20830 76363
20874 71504
20983 71497
21109 71340
21380 21649
21719 71327
21741 71300
21863 25041
21897 24889
21963 22184
22206 24612
22465 24231
22539 23794
22548 22775
22817 23702
22825 23689
23078 23093
23143 23616
23367 23499
23578 23606
23830 24067
25067 71296
25189 71248
25306 25329
25391 26450
25483 26395
25608 26097
25705 25813
25827 25937
26501 44335
26522 44301
26710 27366
26722 27235
26766 26966
27037 27115
27367 43983
27548 43846
27565 34717
27600 34668
27710 34650
27743 34534
27766 28396
27920 28075
27950 28047
28428 34528
28634 34389
28806 29415
29050 29225
29558 34328
29752 31809
29816 30312
29917 30140
29953 30135
30369 31745
30426 31434
30457 31355
30612 31253
30666 31234
31589 31743
31867 34314
32047 34301
32060 34150
32250 34123
32309 32540
32569 32693
32830 33253
33298 34044
33451 33991
33556 33583
33685 33736
34459 34482
34786 35171
34792 35124
35129 35160
35271 43763
35360 35528
35660 35777
35808 39360
35859 35990
36127 38954
36165 38457
36204 38425
36304 38423
36338 38269
36391 37872
36421 37846
36516 36728
37027 37733
37117 37706
37561 37704
37966 38110
38549 38920
39012 39325
39173 39263
39377 43747
39453 40016
40136 43682
40235 43677
40424 43583
40466 41125
40557 41085
40765 40898
41186 41200
41330 43578
41357 41719
41836 43529
42073 43442
42232 42729
42752 43389
42863 43206
43985 44263
44038 44218
44433 71226
44487 44574
44747 45006
45008 71041
45117 70915
45298 70685
45306 45423
45315 45378
45472 46337
45516 46165
45685 46125
45705 45896
45755 45879
46444 70457
46474 46535
46573 46753
46908 70109
46945 70032
47158 70016
47252 69941
47421 48602
47436 47476
47609 48534
47750 48392
47771 47902
47989 48041
48696 69932
48820 49460
48870 49422
49006 49239
49020 49082
49526 69896
49754 50425
49782 49984
50299 50371
50443 69850
50523 69684
50567 69581
50568 68562
50574 50761
50605 50743
50648 50734
50788 50892
51122 65033
51176 64916
51243 64886
51245 51382
51292 51326
51480 64726
51591 64706
51808 64661
51857 51923
52125 64646
52137 52408
52173 52327
52667 60160
53186 60108
53247 58131
53259 58015
53458 53640
53698 57937
53980 54111
54203 57901
54363 57778
54462 57777
54572 54600
54661 57660
54692 55015
54714 54981
55312 57596
55391 57282
55779 56211
55787 55942
56261 56510
56563 57227
56636 57157
57306 57564
58317 59972
58420 59849
58481 59713
58542 59597
58678 59208
58808 59146
59817 59824
60177 64638
60469 64611
60538 60862
60868 64560
61167 64383
61186 61301
61369 64348
61741 62247
62336 64330
62473 62489
62519 63989
62620 63988
62666 63888
62745 62820
62853 63801
64022 64281
64410 64504
65067 68477
65145 68365
65150 68194
65403 65734
65752 68190
65811 67580
66044 67530
66392 67520
66674 66979
67014 67163
67288 67430
67626 67808
68636 69498
68699 69240
68749 69135
68978 69028
70286 70375
70711 70908
71564 76350
71637 76321
71664 75517
71879 72038
72112 75409
72148 72151
72372 75386
72387 72446
72477 75383
72732 72857
73047 75359
73287 73300
73301 75283
73502 75265
73647 73681
73750 75137
73836 74088
74396 75121
74633 74741
74779 75108
75592 76290
75690 75820
75846 76111
76402 95509
76485 95186
76520 95094
76528 94969
76584 94871
77037 94863
77318 77353
77360 94848
77382 77644
77806 78887
77930 78759
78017 78261
78279 78672
79056 94776
79270 94774
79395 93271
79589 93264
79598 93209
79643 92742
79856 80745
79986 80584
80070 80243
80365 80563
80920 92710
81041 82694
81104 81317
81270 81294
81433 82556
81516 81858
81912 82349
81975 82071
81996 82046
82809 83536
82820 83491
83235 83286
83570 92664
83595 92367
83626 92315
83673 83783
83786 84690
83804 84595
83865 84327
83978 83989
84229 84265
84944 85113
85187 92314
85283 85609
85630 86516
86130 86509
86157 86262
86650 86858
86866 92202
86877 92134
86974 87860
87165 87850
87961 92020
88084 91904
88245 91824
88312 91722
88352 88563
88706 91667
88878 90159
89041 89344
89390 90081
89653 90080
89756 89831
90194 91654
90497 91329
90883 90997
91090 91328
91404 91509
92477 92567
92750 93129
92816 93109
93308 94769
93544 94694
93602 94420
93667 93923
94079 94304
94139 94302
96047 96082
96085 108149
96121 96208
96217 96322
96815 108146
96856 108074
96879 107669
96913 96971
97238 107643
97421 107642
97463 107499
97735 107380
97766 107274
97883 97914
97974 107234
98049 106447
98099 106308
98371 104965
98406 104739
98490 104731
98506 103889
98523 103845
98548 98742
98797 99072
99141 99459
99533 101063
99817 101042
99895 100948
99985 100808
100385 100610
100622 100765
101064 103586
101285 101489
101602 103350
101654 101843
101924 102472
102137 102380
102489 103319
102595 103058
102778 103001
103401 103474
103638 103645
103999 104714
104927 104951
105044 106294
105131 106287
105310 106125
105514 106075
105809 106074
106681 106744
106796 107203
107691 107955
108560 108679
108755 108821
109000 109555
109812 110030
110054 149973
110166 149956
110186 149710
110335 149689
110449 149621
110722 148685
110770 148684
110771 148660
110970 148058
111177 111775
111224 111739
111964 148005
112179 148000
112243 147961
112253 112454
112462 112504
112567 112640
112822 147932
112901 115329
112928 115319
113297 113456
113337 113375
113633 115215
113754 115159
114144 114296
114329 114517
114561 115157
114777 114825
115225 115268
115352 147879
115370 146237
115407 145310
115564 137557
115788 137355
115917 137158
115929 137079
115998 118057
116042 116164
116424 116453
116454 118016
116676 117156
117163 117660
117213 117398
117434 117604
117689 117920
118209 118290
118319 137075
118793 136835
118853 136784
118908 133564
119249 133553
119561 133539
119694 133333
119707 122682
119810 119877
119932 120684
120071 120218
120264 120362
120363 120535
120581 120656
120737 121734
120740 121635
120807 121043
120833 120860
120997 121021
121056 121578
121116 121310
121751 122545
121785 121920
121928 122485
122076 122436
122256 122279
122318 122388
122937 133297
123122 132504
123139 132489
123240 126747
123520 126225
123571 126220
123883 126209
123935 126207
123942 125908
124237 124337
124487 125889
124563 124781
124897 125024
125088 125340
125466 125752
126259 126636
126879 132302
126989 132226
127202 127553
127288 127378
127577 131959
127670 131943
127806 128751
127831 128155
127939 128130
128225 128732
129014 131887
129076 129747
129082 129729
129844 131865
129975 131285
130108 130339
130400 131166
130537 130604
131362 131860
131375 131840
132470 132480
132576 133095
133152 133286
133585 136634
133906 136163
133944 136053
133946 135261
134037 135044
134273 134965
134370 134590
134735 134908
135365 135867
135479 135795
136345 136539
136887 137015
137576 143075
137696 143072
137908 142997
138240 142951
138359 142145
138412 141912
138414 139090
138425 138482
138703 139010
138725 138880
139254 141806
139284 141388
139429 141242
139507 141214
139869 140886
139996 140789
140102 140573
140585 140751
140905 141011
141019 141175
141458 141765
141736 141759
142250 142945
142269 142795
142609 142776
143214 144941
143269 144728
143337 144473
143455 143614
143721 143934
144068 144127
144789 144912
145047 145279
145434 145992
145617 145858
145685 145811
146141 146217
146164 146183
146284 147854
146594 147812
146828 147795
146829 146909
147113 147741
147303 147342
147386 147685
147435 147543
148231 148627
148859 149509
148876 149480
149123 149290
150444 151486
150474 151069
150747 150936
151095 151404
151488 151508
151734 152272
151835 152263
151841 152216
151905 152154
152799 152812
153008 153197
153683 154771
154141 154657
154316 154560
154404 154457
154469 154493
155020 155114
155144 155797
155497 155570
156828 164283
156973 164223
157010 163757
157024 161914
157091 159648
157221 158632
157283 158602
157403 158206
157720 158197
158437 158518
158657 159591
159013 159415
159436 159524
159793 161855
159803 161830
159901 161807
159969 160022
160078 161565
160173 160433
160485 161362
160575 161097
160970 160979
161980 163694
162118 163623
162239 162706
162744 163597
162791 163228
163283 163362
163902 164047
164351 164554
165239 166150
165247 166083
165367 165898
165716 165741
165929 166039
166356 166508
166576 166814
167100 167175
167441 167973
167465 167818
168158 169659
168497 168564
168615 169502
168863 168894
169110 169258
169513 169601
170141 170287
170649 176876
170673 176738
170873 170981
171013 176668
171068 176132
171121 176072
171145 176053
171209 175635
171273 175483
171491 172007
172012 175482
172030 172156
172246 175446
172362 173482
172494 172909
172622 172891
172690 172746
172978 172991
173072 173276
173668 174016
173760 173986
174086 174945
174122 174218
174601 174800
175093 175321
175135 175245
175178 175217
175650 175678
175688 175953
176171 176226
176326 176561
177257 179964
177717 178556
177952 178155
178745 179880
178784 179823
178963 179803
179004 179603
179422 179475
