762
88 179999
246 449
458 139814
500 139765
545 139275
548 1425
557 1418
1095 1118
1127 1230
1474 1892
1581 1687
1949 139214
1963 2021
2088 2135
2173 139129
2482 138995
2590 138991
2707 133891
2838 3053
2912 3049
3057 30375
3073 30358
3074 30297
3224 26935
3226 26710
3382 26668
3430 21169
3471 21038
3557 3610
3721 20500
3764 6158
3976 6120
4150 5552
4606 5514
4624 5361
4660 5009
5694 5967
5695 5774
6044 6077
6167 20424
6252 20139
6384 6901
6977 7361
7489 20138
7570 20015
7590 19940
7681 19874
7750 7967
8102 19853
8244 12572
8613 12283
8782 11021
8809 10972
8874 8919
9091 9611
9444 9605
9930 10841
10394 10725
10431 10570
11050 11217
11303 12221
11337 11973
11560 11954
12286 12521
12665 19840
12761 19791
12964 19711
13272 19596
13332 19563
13483 18615
13500 13546
13693 17271
13735 13793
13867 17145
13885 14526
14205 14323
14577 17101
14673 17095
14691 14968
14995 15234
15293 15826
15490 15820
15686 15749
15863 16984
16001 16791
16008 16278
16459 16553
17333 18572
17500 18113
17547 17561
18280 18411
18703 19456
18994 19255
20598 20798
21180 21577
21597 25225
21657 25089
21823 25049
21831 24805
21875 22400
22515 24770
22767 22934
23002 24642
23020 23319
23331 24573
23641 24514
23803 23913
25250 25270
25299 26420
25397 25472
25673 26079
26222 26370
26446 26650
27031 30218
27301 29921
27322 29788
27458 29443
27539 29439
27601 29371
27602 29077
27662 27942
28205 28976
28577 28902
29523 29689
29830 29906
30488 133882
30493 30691
30764 133856
30780 31174
31217 133827
31232 131116
31553 32600
31560 32096
31796 31798
31800 31985
32222 32461
32281 32458
32644 130999
32648 130958
32678 130693
32727 130527
32786 130361
32788 34250
32885 34152
33364 33497
33550 34096
33565 33736
33907 34012
34296 130321
34357 129860
34536 34752
34569 34735
34829 35447
34860 35305
34914 35277
35219 35268
35544 129763
35657 129653
35659 84006
35804 83982
35947 36040
36079 83968
36224 83752
36265 36809
36658 36761
36938 83359
37137 83332
37325 47471
37372 47121
37387 47088
37388 38288
37423 38084
37532 38018
38299 46461
38305 46037
38346 45312
38393 45301
38491 45235
38539 45184
38614 39587
38799 39197
39067 39111
39590 45150
39726 44605
39902 44016
40138 43858
40558 43810
40592 43637
40649 41449
40805 41378
41452 43571
41688 43482
41789 43111
41973 42508
42069 42459
42521 42929
43904 43910
44526 44592
44638 45061
44684 44994
45319 45455
45591 45715
46155 46208
46575 46887
47131 47387
47503 83276
47544 47808
47613 47775
47999 83131
48137 82754
48235 63128
48434 62995
48551 62881
48660 62711
48696 61444
48804 61375
48963 59606
49121 59595
49175 59375
49389 49587
49663 59092
49680 49968
49999 59010
50059 59008
50061 50092
50365 59003
50548 50787
50597 50718
50730 50785
50790 58913
50810 58862
50947 51220
50974 51067
51124 51188
51345 52037
51639 51705
51854 51933
52128 52136
52175 58797
52194 58662
52205 58456
52304 57382
52316 57120
52353 52677
52767 55943
52917 55889
53006 55750
53113 55746
53312 54876
53340 54183
53361 53680
53521 53614
53769 54170
54314 54839
55088 55318
55349 55708
56062 57096
56068 57001
56097 56465
56759 56945
57415 58435
57503 58311
57595 57813
58045 58304
59141 59311
59694 61281
60104 61250
60220 60979
60311 60590
60366 60395
61588 62654
61670 61966
62184 62554
62712 62843
63163 82748
63285 82542
63292 63354
63480 82361
63637 63662
63692 65022
63865 64625
63885 64537
64217 64516
64789 65008
65325 82110
65334 82074
65435 81643
65440 65521
65474 65479
65593 66601
65886 66058
66169 66410
66639 81553
66775 81258
66802 81154
66841 81036
66919 80981
66968 80877
67070 69600
67132 69472
67218 69338
67586 67670
67683 68974
67923 68965
68015 68488
68106 68259
68353 68452
68597 68673
69118 69292
69670 80559
69749 75554
69816 75524
69881 75400
69976 73222
70089 72968
70242 70441
70499 71470
70567 71345
70731 71039
71139 71307
71522 72967
71670 72885
71698 71700
71747 71867
72079 72269
72162 72214
73379 74764
73714 74758
73826 73921
73960 74721
73985 74054
74236 74503
74833 75270
74946 75110
75569 80504
75646 78238
75734 77992
75757 76263
76284 77230
76505 76569
76955 77183
77267 77760
77554 77640
77914 77925
78198 78222
78244 80467
78374 80119
78596 80078
78621 79738
78796 79664
78866 79487
78950 79389
79065 79162
80132 80455
80229 80415
80575 80754
81677 82018
82271 82348
82582 82742
82776 83099
82860 82994
83418 83587
84118 129625
84221 129600
84319 124653
84321 124627
84698 124527
84704 124008
84759 123422
85039 123140
85124 85157
85237 86060
85331 85773
86086 86699
86157 86280
86390 86501
86712 122926
86914 122916
86917 122846
87119 122744
87241 122522
87320 88716
87328 87795
87471 87570
88034 88714
88065 88134
88294 88598
88825 122480
88890 89093
89116 122437
89340 122415
89412 122126
89492 122007
89526 121911
89594 120371
89683 119282
89947 117744
89989 90102
90259 90504
90297 90364
90516 117705
90562 117378
90572 117246
90859 117204
90865 117151
90893 91005
91166 117045
91169 116694
91401 116526
91509 116352
91616 116082
91693 115903
91869 115671
91962 92596
92268 92349
92421 92514
92601 115086
92711 114965
92742 114697
92801 92854
92922 114496
92937 114395
92962 114317
93081 114109
93229 106617
93292 93485
93489 106514
93566 106487
93686 94037
93819 94028
94128 96524
94151 94682
94747 96445
94796 96403
94939 95190
95264 96280
95422 96113
95460 95560
95609 95696
95703 95962
95895 95901
96619 103029
96679 102901
96713 102897
96954 102589
97110 102534
97174 102498
97213 102448
97688 101439
97760 99976
97816 98220
97950 98214
98226 99720
98227 99129
98262 98704
98272 98497
98745 98830
100073 101438
100082 100301
100415 101125
100515 101065
100925 101000
101485 102421
101525 102164
101921 102052
102174 102292
103089 106485
103172 106464
103193 103240
103316 103502
103523 103726
103864 104019
104064 106459
104068 106387
104349 104428
104575 106339
104624 106321
105005 106315
105084 106213
105715 105896
106624 114073
106765 107308
106892 107055
107487 113944
107543 113892
107673 109606
107697 109301
108092 109288
108451 108630
108527 108591
108672 109253
108938 109024
109089 109173
109326 109550
109825 113380
109935 113348
109960 113212
110170 112569
110421 110500
110618 112458
110764 110782
110799 112402
110819 112309
111016 111821
111055 111403
111561 111793
111931 112243
112653 113032
113060 113163
113395 113651
115137 115626
115251 115518
116083 116327
116844 116915
117441 117612
117758 119197
118261 118315
118403 119190
118428 118975
118571 118931
119064 119129
119368 120274
119446 120224
119867 119989
119962 119979
120610 121530
120634 121498
120635 121299
120654 121294
120997 121254
121710 121874
121808 121812
121849 121866
122556 122704
123163 123396
123487 123689
123740 123994
124022 124450
124098 124309
124733 125939
124738 125044
125158 125889
125266 125851
125327 125800
125485 125698
125950 129581
126028 128921
126491 128896
126512 128579
126570 128497
126820 128331
126854 126998
127074 127188
127236 128238
127292 128127
127504 127589
127621 127762
127807 127999
128953 129481
129028 129368
129685 129711
130066 130172
131121 133367
131221 131645
131661 133231
131844 132911
131857 131944
131945 132808
131984 132769
132082 132712
132121 132665
132743 132768
133387 133818
133463 133809
134014 138971
134060 138875
134100 138735
134161 138622
134204 134228
134299 138210
134506 138209
134645 137621
134672 134702
134750 134751
134894 137477
134953 137426
135010 137330
135238 137240
135659 137227
136139 137178
136390 136848
136548 136824
137812 138004
138219 138576
139317 139697
139935 179956
139958 179911
140004 179197
140052 179093
140068 178744
140102 162145
140170 142878
140198 142671
140321 142459
140323 141853
140336 141495
140390 141174
140531 140873
140677 140802
140995 141140
141230 141321
141905 142090
142234 142299
142960 162125
143008 162122
143098 162100
143219 161535
143319 157656
143500 157645
143563 157621
143605 143752
143921 157590
143933 144108
144253 157454
144388 157374
144389 157323
144497 155869
144549 155691
144636 145448
144860 144948
145000 145045
145087 145223
145471 146047
145647 145806
146067 155667
146131 152668
146289 152389
146320 149813
146453 149739
146555 149724
146765 149683
146932 147572
147006 147497
147187 147437
147654 149638
147825 149633
147964 148474
148481 149464
148633 149412
149011 149253
149353 149403
150022 150152
150209 152282
150346 152166
150386 152157
150435 151552
151060 151546
151325 151409
151571 151613
151628 152100
152394 152546
152757 155659
152812 155299
152978 155296
153208 154127
153321 153902
153672 153697
154189 154663
154938 155186
155319 155559
156028 157275
156257 156904
156653 156659
156954 157178
157184 157257
157873 161320
158035 161118
158178 161020
158214 160771
158374 158576
158721 160728
158754 158869
158905 160711
159323 160585
159389 160519
159610 159712
159824 160470
159882 160036
160176 160288
161164 161184
161555 161943
161660 161902
162266 178742
162492 162513
162551 178461
162603 176860
162616 176814
162718 176058
162721 162772
163027 163047
163093 163363
163391 176013
163407 175808
163606 175643
163678 169332
163707 163831
163904 169315
163906 169168
163962 167344
164120 167137
164183 167096
164249 167053
164472 164990
165034 166935
165136 166520
165194 165564
165258 165500
165643 166470
165961 166337
166836 166912
167378 168661
167493 168606
167759 168443
167971 168030
168477 168497
168710 168999
169408 175607
169436 175604
169592 175515
170080 170086
170165 173405
170303 173334
170513 173278
170635 170809
170820 170855
170859 173251
170994 173200
171034 173198
171078 171588
171102 171303
171779 173109
171832 171871
172951 173088
173441 175495
173453 175369
173663 173861
174068 175197
174275 175190
174353 175145
174385 174446
174598 175067
176113 176605
177000 178457
177161 178400
177253 178279
177388 177698
177513 177689
177708 178256
178501 178690
179222 179895
179330 179567
179340 179460
